<?xml version="1.0" encoding="UTF-8"?>
<testsuites name="SelectRole" time="15" tests="2" failures="0" errors="0">
   <testsuite name="SelectRole" tests="2" failures="0" errors="0" time="15" timestamp="2017-09-16 14:30:30" hostname="mithu - DESKTOP-1QKO1SP" id="Test Suites/SelectRole">
      <properties>
         <property name="deviceName" value=""/>
         <property name="devicePlatform" value=""/>
         <property name="logFolder" value="F:\\Katalon_project\\MaxReqMan\\Reports\\SelectRole\\20170916_143028"/>
         <property name="logFiles" value="F:\\Katalon_project\\MaxReqMan\\Reports\\SelectRole\\20170916_143028\\execution0.log"/>
         <property name="attachments" value=""/>
         <property name="hostName" value="mithu - DESKTOP-1QKO1SP"/>
         <property name="os" value="Windows 10 64bit"/>
         <property name="katalonVersion" value="4.8.0.2"/>
         <property name="browser" value="Chrome 60.0.3112.113"/>
         <property name="hostAddress" value="192.168.91.161"/>
         <property name="sessionId" value="aeb2a053453fe07d12c3ecf494125047"/>
         <property name="seleniumVersion" value="2.53.0"/>
         <property name="proxyInformation" value="ProxyInformation{proxyOption=NO_PROXY, proxyServerType=HTTP, password=, proxyServerAddress=, proxyServerPort=0}"/>
         <property name="platform" value="Windows 10"/>
      </properties>
      <testcase name="Test Cases/Login" classname="Test Cases/Login" status="PASSED">
         <system-out><![CDATA[2017-09-16 14:30:30 - [TEST_CASE][PASSED] - Test Cases/Login: Test Cases/Login

2017-09-16 14:30:30 - [TEST_STEP][PASSED] - openBrowser: Browser is opened with url: ''

2017-09-16 14:30:33 - [MESSAGE][PASSED] - Browser is opened with url: ''

2017-09-16 14:30:33 - [TEST_STEP][PASSED] - maximizeWindow: Current window maximized

2017-09-16 14:30:34 - [MESSAGE][PASSED] - Current window maximized

2017-09-16 14:30:34 - [TEST_STEP][PASSED] - navigateToUrl: Navigate to 'http://beta-requisition.maxrailwaytrack.com/' successfully

2017-09-16 14:30:37 - [MESSAGE][PASSED] - Navigate to 'http://beta-requisition.maxrailwaytrack.com/' successfully

2017-09-16 14:30:37 - [TEST_STEP][PASSED] - setText: Text 'fahadbillah@yahoo.com' is set on object 'Object Repository/Page_MaxGroup Login/input_username'

2017-09-16 14:30:38 - [MESSAGE][PASSED] - Text 'fahadbillah@yahoo.com' is set on object 'Object Repository/Page_MaxGroup Login/input_username'

2017-09-16 14:30:38 - [TEST_STEP][PASSED] - setText: Text '123' is set on object 'Object Repository/Page_MaxGroup Login/input_password'

2017-09-16 14:30:38 - [MESSAGE][PASSED] - Text '123' is set on object 'Object Repository/Page_MaxGroup Login/input_password'

2017-09-16 14:30:38 - [TEST_STEP][PASSED] - click: Object: 'Object Repository/Page_MaxGroup Login/button_Login' is clicked on

2017-09-16 14:30:38 - [MESSAGE][PASSED] - Object: 'Object Repository/Page_MaxGroup Login/button_Login' is clicked on]]></system-out>
         <system-err><![CDATA[]]></system-err>
      </testcase>
      <testcase name="Test Cases/SelectRole" classname="Test Cases/SelectRole" status="PASSED">
         <system-out><![CDATA[2017-09-16 14:30:38 - [TEST_CASE][PASSED] - Test Cases/SelectRole: Test Cases/SelectRole

2017-09-16 14:30:39 - [TEST_STEP][PASSED] - delay: Delayed 5 second(s)

2017-09-16 14:30:44 - [MESSAGE][PASSED] - Delayed 5 second(s)

2017-09-16 14:30:44 - [TEST_STEP][PASSED] - selectOptionByValue: All options with value '2_60_4' are selected in object 'Object Repository/Page_Procurement Management  Role S/select_input'  using regular expression

2017-09-16 14:30:44 - [MESSAGE][PASSED] - All options with value '2_60_4' are selected in object 'Object Repository/Page_Procurement Management  Role S/select_input'  using regular expression

2017-09-16 14:30:44 - [TEST_STEP][PASSED] - click: Object: 'Object Repository/Page_Procurement Management  Role S/button_Enter' is clicked on

2017-09-16 14:30:44 - [MESSAGE][PASSED] - Object: 'Object Repository/Page_Procurement Management  Role S/button_Enter' is clicked on]]></system-out>
         <system-err><![CDATA[]]></system-err>
      </testcase>
      <system-out><![CDATA[2017-09-16 14:30:30 - [TEST_SUITE][PASSED] - SelectRole: Test Cases/SelectRole]]></system-out>
      <system-err><![CDATA[]]></system-err>
   </testsuite>
</testsuites>
