<?xml version="1.0" encoding="UTF-8"?>
<testsuites name="TestSuite-CreateMaterialRequisition" time="90" tests="2" failures="1" errors="0">
   <testsuite name="TestSuite-CreateMaterialRequisition" tests="2" failures="1" errors="0" time="90" timestamp="2017-10-14 00:54:23" hostname="Asus - DESKTOP-SQEFDD7" id="Test Suites/TestSuite-CreateMaterialRequisition">
      <properties>
         <property name="deviceName" value=""/>
         <property name="devicePlatform" value=""/>
         <property name="logFolder" value="E:\\Katalon_Project\\KatalonStudio-RequisitionTest-master\\Reports\\TestSuite-CreateMaterialRequisition\\20171014_005421"/>
         <property name="logFiles" value="E:\\Katalon_Project\\KatalonStudio-RequisitionTest-master\\Reports\\TestSuite-CreateMaterialRequisition\\20171014_005421\\execution0.log"/>
         <property name="attachments" value="E:\\Katalon_Project\\KatalonStudio-RequisitionTest-master\\Reports\\TestSuite-CreateMaterialRequisition\\20171014_005421\\1507920879635.png, E:\\Katalon_Project\\KatalonStudio-RequisitionTest-master\\Reports\\TestSuite-CreateMaterialRequisition\\20171014_005421\\1507920889061.png, E:\\Katalon_Project\\KatalonStudio-RequisitionTest-master\\Reports\\TestSuite-CreateMaterialRequisition\\20171014_005421\\1507920945112.png, E:\\Katalon_Project\\KatalonStudio-RequisitionTest-master\\Reports\\TestSuite-CreateMaterialRequisition\\20171014_005421\\1507920952642.png"/>
         <property name="hostName" value="Asus - DESKTOP-SQEFDD7"/>
         <property name="os" value="Windows 10 64bit"/>
         <property name="katalonVersion" value="4.8.0.2"/>
         <property name="browser" value="Chrome 61.0.3163.100"/>
         <property name="hostAddress" value="192.168.0.104"/>
         <property name="sessionId" value="3df473201cf9378b741a0dacc8a81e9b"/>
         <property name="seleniumVersion" value="2.53.0"/>
         <property name="proxyInformation" value="ProxyInformation{proxyOption=NO_PROXY, proxyServerType=HTTP, password=, proxyServerAddress=, proxyServerPort=0}"/>
         <property name="platform" value="Windows 10"/>
      </properties>
      <testcase name="Test Cases/Login" classname="Test Cases/Login" status="PASSED">
         <system-out><![CDATA[2017-10-14 00:54:23 - [TEST_CASE][PASSED] - Test Cases/Login: Test Cases/Login

2017-10-14 00:54:24 - [TEST_STEP][PASSED] - openBrowser: Browser is opened with url: ''

2017-10-14 00:54:26 - [MESSAGE][PASSED] - Browser is opened with url: ''

2017-10-14 00:54:26 - [TEST_STEP][PASSED] - maximizeWindow: Current window maximized

2017-10-14 00:54:28 - [MESSAGE][PASSED] - Current window maximized

2017-10-14 00:54:28 - [TEST_STEP][PASSED] - navigateToUrl: Navigate to 'http://beta-requisition.maxrailwaytrack.com/' successfully

2017-10-14 00:54:33 - [MESSAGE][PASSED] - Navigate to 'http://beta-requisition.maxrailwaytrack.com/' successfully

2017-10-14 00:54:33 - [TEST_STEP][PASSED] - setText: Text 'fahadbillah@yahoo.com' is set on object 'Object Repository/Page_MaxGroup Login/input_username'

2017-10-14 00:54:33 - [MESSAGE][PASSED] - Text 'fahadbillah@yahoo.com' is set on object 'Object Repository/Page_MaxGroup Login/input_username'

2017-10-14 00:54:33 - [TEST_STEP][PASSED] - setText: Text '123' is set on object 'Object Repository/Page_MaxGroup Login/input_password'

2017-10-14 00:54:34 - [MESSAGE][PASSED] - Text '123' is set on object 'Object Repository/Page_MaxGroup Login/input_password'

2017-10-14 00:54:34 - [TEST_STEP][PASSED] - click: Object: 'Object Repository/Page_MaxGroup Login/button_Login' is clicked on

2017-10-14 00:54:34 - [MESSAGE][PASSED] - Object: 'Object Repository/Page_MaxGroup Login/button_Login' is clicked on]]></system-out>
         <system-err><![CDATA[]]></system-err>
      </testcase>
      <testcase name="Test Cases/SelectRole" classname="Test Cases/SelectRole" status="PASSED">
         <system-out><![CDATA[2017-10-14 00:54:34 - [TEST_CASE][PASSED] - Test Cases/SelectRole: Test Cases/SelectRole

2017-10-14 00:54:34 - [TEST_STEP][PASSED] - delay: Delayed 5 second(s)

2017-10-14 00:54:39 - [MESSAGE][PASSED] - Delayed 5 second(s)

2017-10-14 00:54:39 - [TEST_STEP][PASSED] - takeScreenshot: Taking screenshot successfully

2017-10-14 00:54:39 - [MESSAGE][PASSED] - Taking screenshot successfully
[[ATTACHMENT|E:\\Katalon_Project\\KatalonStudio-RequisitionTest-master\\Reports\\TestSuite-CreateMaterialRequisition\\20171014_005421\\1507920879635.png]]

2017-10-14 00:54:39 - [TEST_STEP][PASSED] - click: Object: 'Object Repository/Page_Procurement Management  Role S/select_input' is clicked on

2017-10-14 00:54:40 - [MESSAGE][PASSED] - Object: 'Object Repository/Page_Procurement Management  Role S/select_input' is clicked on

2017-10-14 00:54:40 - [TEST_STEP][PASSED] - click: Object: 'Object Repository/Page_Procurement Management  Role S/option_Requester at CDA' is clicked on

2017-10-14 00:54:40 - [MESSAGE][PASSED] - Object: 'Object Repository/Page_Procurement Management  Role S/option_Requester at CDA' is clicked on

2017-10-14 00:54:40 - [TEST_STEP][PASSED] - click: Object: 'Object Repository/Page_Procurement Management  Role S/button_Enter' is clicked on

2017-10-14 00:54:40 - [MESSAGE][PASSED] - Object: 'Object Repository/Page_Procurement Management  Role S/button_Enter' is clicked on]]></system-out>
         <system-err><![CDATA[]]></system-err>
      </testcase>
      <testcase name="Test Cases/CreateMaterialRequisition" classname="Test Cases/CreateMaterialRequisition" status="FAILED">
         <failure type="FAILED" message="Unable to click on object 'Object Repository/create material requisition/Page_Procurement Management  Create/button_btn btn-default btn-sm' (Root cause: com.kms.katalon.core.webui.exception.WebElementNotFoundException: Web element with id: 'Object Repository/create material requisition/Page_Procurement Management  Create/button_btn btn-default btn-sm' located by 'By.xpath: //button[count(. | id(&quot;datepicker-626-3948-16&quot;)/button[@class=&quot;btn btn-default btn-sm&quot;]) = count(id(&quot;datepicker-626-3948-16&quot;)/button[@class=&quot;btn btn-default btn-sm&quot;])][count(. | //*[@type = 'button']) = count(//*[@type = 'button'])]' not found)"/>
         <system-out><![CDATA[2017-10-14 00:54:40 - [TEST_CASE][FAILED] - Test Cases/CreateMaterialRequisition: Test Cases/CreateMaterialRequisition FAILED because (of) Unable to click on object 'Object Repository/create material requisition/Page_Procurement Management  Create/button_btn btn-default btn-sm' (Root cause: com.kms.katalon.core.webui.exception.WebElementNotFoundException: Web element with id: 'Object Repository/create material requisition/Page_Procurement Management  Create/button_btn btn-default btn-sm' located by 'By.xpath: //button[count(. | id("datepicker-626-3948-16")/button[@class="btn btn-default btn-sm"]) = count(id("datepicker-626-3948-16")/button[@class="btn btn-default btn-sm"])][count(. | //*[@type = 'button']) = count(//*[@type = 'button'])]' not found)

2017-10-14 00:54:40 - [TEST_STEP][PASSED] - delay: Delayed 2 second(s)

2017-10-14 00:54:42 - [MESSAGE][PASSED] - Delayed 2 second(s)

2017-10-14 00:54:42 - [TEST_STEP][PASSED] - mouseOver: Object: 'Object Repository/create material requisition/span_Requisitions' is hovered

2017-10-14 00:54:42 - [MESSAGE][PASSED] - Object: 'Object Repository/create material requisition/span_Requisitions' is hovered

2017-10-14 00:54:42 - [TEST_STEP][PASSED] - delay: Delayed 2 second(s)

2017-10-14 00:54:44 - [MESSAGE][PASSED] - Delayed 2 second(s)

2017-10-14 00:54:44 - [TEST_STEP][PASSED] - mouseOver: Object: 'Object Repository/create material requisition/a_Create Requisition' is hovered

2017-10-14 00:54:44 - [MESSAGE][PASSED] - Object: 'Object Repository/create material requisition/a_Create Requisition' is hovered

2017-10-14 00:54:44 - [TEST_STEP][PASSED] - delay: Delayed 2 second(s)

2017-10-14 00:54:46 - [MESSAGE][PASSED] - Delayed 2 second(s)

2017-10-14 00:54:46 - [TEST_STEP][PASSED] - mouseOver: Object: 'Object Repository/create material requisition/a_Material Requisition' is hovered

2017-10-14 00:54:47 - [MESSAGE][PASSED] - Object: 'Object Repository/create material requisition/a_Material Requisition' is hovered

2017-10-14 00:54:47 - [TEST_STEP][PASSED] - delay: Delayed 2 second(s)

2017-10-14 00:54:49 - [MESSAGE][PASSED] - Delayed 2 second(s)

2017-10-14 00:54:49 - [TEST_STEP][PASSED] - takeScreenshot: Taking screenshot successfully

2017-10-14 00:54:49 - [MESSAGE][PASSED] - Taking screenshot successfully
[[ATTACHMENT|E:\\Katalon_Project\\KatalonStudio-RequisitionTest-master\\Reports\\TestSuite-CreateMaterialRequisition\\20171014_005421\\1507920889061.png]]

2017-10-14 00:54:49 - [TEST_STEP][PASSED] - click: Object: 'Object Repository/create material requisition/a_Material Requisition' is clicked on

2017-10-14 00:54:49 - [MESSAGE][PASSED] - Object: 'Object Repository/create material requisition/a_Material Requisition' is clicked on

2017-10-14 00:54:49 - [TEST_STEP][PASSED] - waitForPageLoad: Wait for page load successfully

2017-10-14 00:54:49 - [MESSAGE][PASSED] - Wait for page load successfully

2017-10-14 00:54:49 - [TEST_STEP][PASSED] - click: Object: 'Object Repository/Page_Procurement Management  Create/input_requisitionTitle' is clicked on

2017-10-14 00:54:51 - [MESSAGE][PASSED] - Object: 'Object Repository/Page_Procurement Management  Create/input_requisitionTitle' is clicked on

2017-10-14 00:54:51 - [TEST_STEP][PASSED] - setText: Text 'Material Requisition 1A' is set on object 'Object Repository/Page_Procurement Management  Create/input_requisitionTitle'

2017-10-14 00:54:52 - [MESSAGE][PASSED] - Text 'Material Requisition 1A' is set on object 'Object Repository/Page_Procurement Management  Create/input_requisitionTitle'

2017-10-14 00:54:52 - [TEST_STEP][PASSED] - click: Object: 'Object Repository/Page_Procurement Management  Create/requestTo' is clicked on

2017-10-14 00:54:52 - [MESSAGE][PASSED] - Object: 'Object Repository/Page_Procurement Management  Create/requestTo' is clicked on

2017-10-14 00:54:52 - [TEST_STEP][PASSED] - setText: Text 'Fahad Billah (Local Approver)' is set on object 'Object Repository/Page_Procurement Management  Create/requestTo'

2017-10-14 00:54:52 - [MESSAGE][PASSED] - Text 'Fahad Billah (Local Approver)' is set on object 'Object Repository/Page_Procurement Management  Create/requestTo'

2017-10-14 00:54:52 - [TEST_STEP][PASSED] - click: Object: 'Object Repository/Page_Procurement Management  Create/li_Fahad Billah (Local Boss)' is clicked on

2017-10-14 00:54:53 - [MESSAGE][PASSED] - Object: 'Object Repository/Page_Procurement Management  Create/li_Fahad Billah (Local Boss)' is clicked on

2017-10-14 00:54:53 - [TEST_STEP][PASSED] - click: Object: 'Object Repository/Page_Procurement Management  Create/input_receiverName' is clicked on

2017-10-14 00:54:54 - [MESSAGE][PASSED] - Object: 'Object Repository/Page_Procurement Management  Create/input_receiverName' is clicked on

2017-10-14 00:54:54 - [TEST_STEP][PASSED] - setText: Text 'Fahad Billah' is set on object 'Object Repository/Page_Procurement Management  Create/input_receiverName'

2017-10-14 00:54:54 - [MESSAGE][PASSED] - Text 'Fahad Billah' is set on object 'Object Repository/Page_Procurement Management  Create/input_receiverName'

2017-10-14 00:54:54 - [TEST_STEP][PASSED] - click: Object: 'Object Repository/Page_Procurement Management  Create/li_Fahad Billah' is clicked on

2017-10-14 00:54:55 - [MESSAGE][PASSED] - Object: 'Object Repository/Page_Procurement Management  Create/li_Fahad Billah' is clicked on

2017-10-14 00:54:55 - [TEST_STEP][PASSED] - delay: Delayed 2 second(s)

2017-10-14 00:54:57 - [MESSAGE][PASSED] - Delayed 2 second(s)

2017-10-14 00:54:57 - [TEST_STEP][PASSED] - setText: Text 'Mamun Rasid' is set on object 'Object Repository/Page_Procurement Management  Create/input_originalRequesterName (2)'

2017-10-14 00:54:57 - [MESSAGE][PASSED] - Text 'Mamun Rasid' is set on object 'Object Repository/Page_Procurement Management  Create/input_originalRequesterName (2)'

2017-10-14 00:54:57 - [TEST_STEP][PASSED] - setText: Text '01745677420' is set on object 'Object Repository/Page_Procurement Management  Create/input_originalRequesterPhone (1)'

2017-10-14 00:54:58 - [MESSAGE][PASSED] - Text '01745677420' is set on object 'Object Repository/Page_Procurement Management  Create/input_originalRequesterPhone (1)'

2017-10-14 00:54:58 - [TEST_STEP][PASSED] - setText: Text 'Test Team Qa-katalon' is set on object 'Object Repository/Page_Procurement Management  Create/textarea_remarks'

2017-10-14 00:54:58 - [MESSAGE][PASSED] - Text 'Test Team Qa-katalon' is set on object 'Object Repository/Page_Procurement Management  Create/textarea_remarks'

2017-10-14 00:54:58 - [TEST_STEP][PASSED] - delay: Delayed 1 second(s)

2017-10-14 00:54:59 - [MESSAGE][PASSED] - Delayed 1 second(s)

2017-10-14 00:54:59 - [TEST_STEP][PASSED] - click: Object: 'Object Repository/Page_Procurement Management  Create/span_Item Details' is clicked on

2017-10-14 00:54:59 - [MESSAGE][PASSED] - Object: 'Object Repository/Page_Procurement Management  Create/span_Item Details' is clicked on

2017-10-14 00:54:59 - [TEST_STEP][PASSED] - delay: Delayed 1 second(s)

2017-10-14 00:55:00 - [MESSAGE][PASSED] - Delayed 1 second(s)

2017-10-14 00:55:00 - [TEST_STEP][PASSED] - scrollToElement: Scroll to object 'Object Repository/Page_Procurement Management  Create/span_Item Details' successfully

2017-10-14 00:55:00 - [MESSAGE][PASSED] - Scroll to object 'Object Repository/Page_Procurement Management  Create/span_Item Details' successfully

2017-10-14 00:55:00 - [TEST_STEP][PASSED] - click: Object: 'Object Repository/Page_Procurement Management  Create/CostCenterName' is clicked on

2017-10-14 00:55:00 - [MESSAGE][PASSED] - Object: 'Object Repository/Page_Procurement Management  Create/CostCenterName' is clicked on

2017-10-14 00:55:00 - [TEST_STEP][PASSED] - waitForAngularLoad: Angular is ready.

2017-10-14 00:55:02 - [MESSAGE][PASSED] - Angular is ready.

2017-10-14 00:55:02 - [TEST_STEP][PASSED] - click: Object: 'Object Repository/Page_Procurement Management  Create/a_10100.12 Engineers  Employer' is clicked on

2017-10-14 00:55:02 - [MESSAGE][PASSED] - Object: 'Object Repository/Page_Procurement Management  Create/a_10100.12 Engineers  Employer' is clicked on

2017-10-14 00:55:02 - [TEST_STEP][PASSED] - delay: Delayed 1 second(s)

2017-10-14 00:55:03 - [MESSAGE][PASSED] - Delayed 1 second(s)

2017-10-14 00:55:03 - [TEST_STEP][PASSED] - click: Object: 'Object Repository/Page_Procurement Management  Create/button_OK' is clicked on

2017-10-14 00:55:03 - [MESSAGE][PASSED] - Object: 'Object Repository/Page_Procurement Management  Create/button_OK' is clicked on

2017-10-14 00:55:03 - [TEST_STEP][PASSED] - delay: Delayed 2 second(s)

2017-10-14 00:55:05 - [MESSAGE][PASSED] - Delayed 2 second(s)

2017-10-14 00:55:05 - [TEST_STEP][PASSED] - click: Object: 'Object Repository/Page_Procurement Management  Create/button_btn pull-right btn-defa' is clicked on

2017-10-14 00:55:05 - [MESSAGE][PASSED] - Object: 'Object Repository/Page_Procurement Management  Create/button_btn pull-right btn-defa' is clicked on

2017-10-14 00:55:05 - [TEST_STEP][PASSED] - waitForAngularLoad: Angular is ready.

2017-10-14 00:55:17 - [MESSAGE][PASSED] - Angular is ready.

2017-10-14 00:55:17 - [TEST_STEP][PASSED] - setText: Text 'acv' is set on object 'Object Repository/Page_Procurement Management  Create/input_form-control ng-untouche'

2017-10-14 00:55:18 - [MESSAGE][PASSED] - Text 'acv' is set on object 'Object Repository/Page_Procurement Management  Create/input_form-control ng-untouche'

2017-10-14 00:55:18 - [TEST_STEP][PASSED] - delay: Delayed 2 second(s)

2017-10-14 00:55:20 - [MESSAGE][PASSED] - Delayed 2 second(s)

2017-10-14 00:55:20 - [TEST_STEP][PASSED] - click: Object: 'Object Repository/Page_Procurement Management  Create/a_ACV Measuring Mould' is clicked on

2017-10-14 00:55:20 - [MESSAGE][PASSED] - Object: 'Object Repository/Page_Procurement Management  Create/a_ACV Measuring Mould' is clicked on

2017-10-14 00:55:20 - [TEST_STEP][PASSED] - delay: Delayed 2 second(s)

2017-10-14 00:55:22 - [MESSAGE][PASSED] - Delayed 2 second(s)

2017-10-14 00:55:22 - [TEST_STEP][PASSED] - click: Object: 'Object Repository/Page_Procurement Management  Create/button_OK' is clicked on

2017-10-14 00:55:22 - [MESSAGE][PASSED] - Object: 'Object Repository/Page_Procurement Management  Create/button_OK' is clicked on

2017-10-14 00:55:22 - [TEST_STEP][PASSED] - waitForAngularLoad: Angular is ready.

2017-10-14 00:55:23 - [MESSAGE][PASSED] - Angular is ready.

2017-10-14 00:55:23 - [TEST_STEP][PASSED] - click: Object: 'Object Repository/Page_Procurement Management  Create/Click specification ID' is clicked on

2017-10-14 00:55:23 - [MESSAGE][PASSED] - Object: 'Object Repository/Page_Procurement Management  Create/Click specification ID' is clicked on

2017-10-14 00:55:23 - [TEST_STEP][PASSED] - delay: Delayed 1 second(s)

2017-10-14 00:55:24 - [MESSAGE][PASSED] - Delayed 1 second(s)

2017-10-14 00:55:24 - [TEST_STEP][PASSED] - click: Object: 'Object Repository/Page_Procurement Management  Create/select_specificationId' is clicked on

2017-10-14 00:55:24 - [MESSAGE][PASSED] - Object: 'Object Repository/Page_Procurement Management  Create/select_specificationId' is clicked on

2017-10-14 00:55:24 - [TEST_STEP][PASSED] - delay: Delayed 1 second(s)

2017-10-14 00:55:25 - [MESSAGE][PASSED] - Delayed 1 second(s)

2017-10-14 00:55:25 - [TEST_STEP][PASSED] - click: Object: 'Object Repository/Page_Procurement Management  Create/Click Size ID' is clicked on

2017-10-14 00:55:26 - [MESSAGE][PASSED] - Object: 'Object Repository/Page_Procurement Management  Create/Click Size ID' is clicked on

2017-10-14 00:55:26 - [TEST_STEP][PASSED] - delay: Delayed 1 second(s)

2017-10-14 00:55:27 - [MESSAGE][PASSED] - Delayed 1 second(s)

2017-10-14 00:55:27 - [TEST_STEP][PASSED] - click: Object: 'Object Repository/Page_Procurement Management  Create/select_sizeId' is clicked on

2017-10-14 00:55:27 - [MESSAGE][PASSED] - Object: 'Object Repository/Page_Procurement Management  Create/select_sizeId' is clicked on

2017-10-14 00:55:27 - [TEST_STEP][PASSED] - delay: Delayed 1 second(s)

2017-10-14 00:55:28 - [MESSAGE][PASSED] - Delayed 1 second(s)

2017-10-14 00:55:28 - [TEST_STEP][PASSED] - click: Object: 'Object Repository/Page_Procurement Management  Create/click color Id' is clicked on

2017-10-14 00:55:28 - [MESSAGE][PASSED] - Object: 'Object Repository/Page_Procurement Management  Create/click color Id' is clicked on

2017-10-14 00:55:28 - [TEST_STEP][PASSED] - delay: Delayed 1 second(s)

2017-10-14 00:55:29 - [MESSAGE][PASSED] - Delayed 1 second(s)

2017-10-14 00:55:29 - [TEST_STEP][PASSED] - click: Object: 'Object Repository/Page_Procurement Management  Create/select_colorId' is clicked on

2017-10-14 00:55:29 - [MESSAGE][PASSED] - Object: 'Object Repository/Page_Procurement Management  Create/select_colorId' is clicked on

2017-10-14 00:55:29 - [TEST_STEP][PASSED] - click: Object: 'Object Repository/create material requisition/Page_Procurement Management  Create/i_glyphicon glyphicon-calendar' is clicked on

2017-10-14 00:55:29 - [MESSAGE][PASSED] - Object: 'Object Repository/create material requisition/Page_Procurement Management  Create/i_glyphicon glyphicon-calendar' is clicked on

2017-10-14 00:55:29 - [TEST_STEP][FAILED] - click: Unable to click on object 'Object Repository/create material requisition/Page_Procurement Management  Create/button_btn btn-default btn-sm' (Root cause: com.kms.katalon.core.webui.exception.WebElementNotFoundException: Web element with id: 'Object Repository/create material requisition/Page_Procurement Management  Create/button_btn btn-default btn-sm' located by 'By.xpath: //button[count(. | id("datepicker-626-3948-16")/button[@class="btn btn-default btn-sm"]) = count(id("datepicker-626-3948-16")/button[@class="btn btn-default btn-sm"])][count(. | //*[@type = 'button']) = count(//*[@type = 'button'])]' not found)

2017-10-14 00:55:45 - [MESSAGE][FAILED] - Unable to click on object 'Object Repository/create material requisition/Page_Procurement Management  Create/button_btn btn-default btn-sm' (Root cause: com.kms.katalon.core.webui.exception.WebElementNotFoundException: Web element with id: 'Object Repository/create material requisition/Page_Procurement Management  Create/button_btn btn-default btn-sm' located by 'By.xpath: //button[count(. | id("datepicker-626-3948-16")/button[@class="btn btn-default btn-sm"]) = count(id("datepicker-626-3948-16")/button[@class="btn btn-default btn-sm"])][count(. | //*[@type = 'button']) = count(//*[@type = 'button'])]' not found)
[[ATTACHMENT|E:\\Katalon_Project\\KatalonStudio-RequisitionTest-master\\Reports\\TestSuite-CreateMaterialRequisition\\20171014_005421\\1507920945112.png]]

2017-10-14 00:55:45 - [TEST_STEP][PASSED] - setText: Text 'mkGhost' is set on object 'Object Repository/Page_Procurement Management  Create/input_receiverNameTemp'

2017-10-14 00:55:45 - [MESSAGE][PASSED] - Text 'mkGhost' is set on object 'Object Repository/Page_Procurement Management  Create/input_receiverNameTemp'

2017-10-14 00:55:45 - [TEST_STEP][PASSED] - setText: Text '20no road mohakhali DOHS' is set on object 'Object Repository/Page_Procurement Management  Create/input_receivingAddress'

2017-10-14 00:55:46 - [MESSAGE][PASSED] - Text '20no road mohakhali DOHS' is set on object 'Object Repository/Page_Procurement Management  Create/input_receivingAddress'

2017-10-14 00:55:46 - [TEST_STEP][PASSED] - setText: Text '250' is set on object 'Object Repository/Page_Procurement Management  Create/input_quantity'

2017-10-14 00:55:46 - [MESSAGE][PASSED] - Text '250' is set on object 'Object Repository/Page_Procurement Management  Create/input_quantity'

2017-10-14 00:55:46 - [TEST_STEP][PASSED] - setText: Text 'Test Item' is set on object 'Object Repository/Page_Procurement Management  Create/input_itemDesc'

2017-10-14 00:55:46 - [MESSAGE][PASSED] - Text 'Test Item' is set on object 'Object Repository/Page_Procurement Management  Create/input_itemDesc'

2017-10-14 00:55:46 - [TEST_STEP][PASSED] - delay: Delayed 1 second(s)

2017-10-14 00:55:47 - [MESSAGE][PASSED] - Delayed 1 second(s)

2017-10-14 00:55:47 - [TEST_STEP][PASSED] - click: Object: 'Object Repository/Page_Procurement Management  Create/button_Add Item' is clicked on

2017-10-14 00:55:48 - [MESSAGE][PASSED] - Object: 'Object Repository/Page_Procurement Management  Create/button_Add Item' is clicked on

2017-10-14 00:55:48 - [TEST_STEP][PASSED] - delay: Delayed 1 second(s)

2017-10-14 00:55:49 - [MESSAGE][PASSED] - Delayed 1 second(s)

2017-10-14 00:55:49 - [TEST_STEP][PASSED] - scrollToElement: Scroll to object 'Object Repository/Page_Procurement Management  Create/button_Submit' successfully

2017-10-14 00:55:49 - [MESSAGE][PASSED] - Scroll to object 'Object Repository/Page_Procurement Management  Create/button_Submit' successfully

2017-10-14 00:55:49 - [TEST_STEP][PASSED] - click: Object: 'Object Repository/Page_Procurement Management  Create/button_Submit' is clicked on

2017-10-14 00:55:49 - [MESSAGE][PASSED] - Object: 'Object Repository/Page_Procurement Management  Create/button_Submit' is clicked on

2017-10-14 00:55:49 - [TEST_STEP][PASSED] - delay: Delayed 1 second(s)

2017-10-14 00:55:50 - [MESSAGE][PASSED] - Delayed 1 second(s)

2017-10-14 00:55:50 - [TEST_STEP][PASSED] - click: Object: 'Object Repository/Page_Procurement Management  Create/button_Cancel' is clicked on

2017-10-14 00:55:50 - [MESSAGE][PASSED] - Object: 'Object Repository/Page_Procurement Management  Create/button_Cancel' is clicked on

2017-10-14 00:55:50 - [TEST_STEP][PASSED] - delay: Delayed 1 second(s)

2017-10-14 00:55:51 - [MESSAGE][PASSED] - Delayed 1 second(s)

2017-10-14 00:55:51 - [TEST_STEP][PASSED] - click: Object: 'Object Repository/Page_Procurement Management  Create/button_Submit (1)' is clicked on

2017-10-14 00:55:51 - [MESSAGE][PASSED] - Object: 'Object Repository/Page_Procurement Management  Create/button_Submit (1)' is clicked on

2017-10-14 00:55:51 - [TEST_STEP][PASSED] - delay: Delayed 1 second(s)

2017-10-14 00:55:52 - [MESSAGE][PASSED] - Delayed 1 second(s)

2017-10-14 00:55:52 - [TEST_STEP][PASSED] - click: Object: 'Object Repository/Page_Procurement Management  Create/button_Submit_popUp' is clicked on

2017-10-14 00:55:52 - [MESSAGE][PASSED] - Object: 'Object Repository/Page_Procurement Management  Create/button_Submit_popUp' is clicked on

2017-10-14 00:55:52 - [TEST_STEP][PASSED] - takeScreenshot: Taking screenshot successfully

2017-10-14 00:55:53 - [MESSAGE][PASSED] - Taking screenshot successfully
[[ATTACHMENT|E:\\Katalon_Project\\KatalonStudio-RequisitionTest-master\\Reports\\TestSuite-CreateMaterialRequisition\\20171014_005421\\1507920952642.png]]]]></system-out>
         <system-err><![CDATA[2017-10-14 00:54:40 - [TEST_CASE][FAILED] - Test Cases/CreateMaterialRequisition: Test Cases/CreateMaterialRequisition FAILED because (of) Unable to click on object 'Object Repository/create material requisition/Page_Procurement Management  Create/button_btn btn-default btn-sm' (Root cause: com.kms.katalon.core.webui.exception.WebElementNotFoundException: Web element with id: 'Object Repository/create material requisition/Page_Procurement Management  Create/button_btn btn-default btn-sm' located by 'By.xpath: //button[count(. | id("datepicker-626-3948-16")/button[@class="btn btn-default btn-sm"]) = count(id("datepicker-626-3948-16")/button[@class="btn btn-default btn-sm"])][count(. | //*[@type = 'button']) = count(//*[@type = 'button'])]' not found)]]></system-err>
      </testcase>
      <system-out><![CDATA[2017-10-14 00:54:23 - [TEST_SUITE][FAILED] - TestSuite-CreateMaterialRequisition: Test Cases/CreateMaterialRequisition FAILED because (of) Unable to click on object 'Object Repository/create material requisition/Page_Procurement Management  Create/button_btn btn-default btn-sm' (Root cause: com.kms.katalon.core.webui.exception.WebElementNotFoundException: Web element with id: 'Object Repository/create material requisition/Page_Procurement Management  Create/button_btn btn-default btn-sm' located by 'By.xpath: //button[count(. | id("datepicker-626-3948-16")/button[@class="btn btn-default btn-sm"]) = count(id("datepicker-626-3948-16")/button[@class="btn btn-default btn-sm"])][count(. | //*[@type = 'button']) = count(//*[@type = 'button'])]' not found)]]></system-out>
      <system-err><![CDATA[2017-10-14 00:54:23 - [TEST_SUITE][FAILED] - TestSuite-CreateMaterialRequisition: Test Cases/CreateMaterialRequisition FAILED because (of) Unable to click on object 'Object Repository/create material requisition/Page_Procurement Management  Create/button_btn btn-default btn-sm' (Root cause: com.kms.katalon.core.webui.exception.WebElementNotFoundException: Web element with id: 'Object Repository/create material requisition/Page_Procurement Management  Create/button_btn btn-default btn-sm' located by 'By.xpath: //button[count(. | id("datepicker-626-3948-16")/button[@class="btn btn-default btn-sm"]) = count(id("datepicker-626-3948-16")/button[@class="btn btn-default btn-sm"])][count(. | //*[@type = 'button']) = count(//*[@type = 'button'])]' not found)]]></system-err>
   </testsuite>
</testsuites>
